-1
aabc
babc
cabc
dabc
eabc
fabc
gabc
habc
iabc
jabc
kabc
labc
mabc
nabc
oabc
pabc
qabc
rabc
sabc
tabc
uabc
vabc
wabc
xabc
yabc
zabc
aabc
abbc
acbc
adbc
aebc
afbc
agbc
ahbc
aibc
ajbc
akbc
albc
ambc
anbc
aobc
apbc
aqbc
arbc
asbc
atbc
aubc
avbc
awbc
axbc
aybc
azbc
abac
abbc
abcc
abdc
abec
abfc
abgc
abhc
abic
abjc
abkc
ablc
abmc
abnc
aboc
abpc
abqc
abrc
absc
abtc
abuc
abvc
abwc
abxc
abyc
abzc
1
aabcdd
babcdd
cabcdd
dabcdd
eabcdd
fabcdd
gabcdd
habcdd
iabcdd
jabcdd
kabcdd
labcdd
mabcdd
nabcdd
oabcdd
pabcdd
qabcdd
rabcdd
sabcdd
tabcdd
uabcdd
vabcdd
wabcdd
xabcdd
yabcdd
zabcdd
aabcdd
abbcdd
acbcdd
adbcdd
aebcdd
afbcdd
agbcdd
ahbcdd
aibcdd
ajbcdd
akbcdd
albcdd
ambcdd
anbcdd
aobcdd
apbcdd
aqbcdd
arbcdd
asbcdd
atbcdd
aubcdd
avbcdd
awbcdd
axbcdd
aybcdd
azbcdd
abacdd
abbcdd
abccdd
abdcdd
abecdd
abfcdd
abgcdd
abhcdd
abicdd
abjcdd
abkcdd
ablcdd
abmcdd
abncdd
abocdd
abpcdd
abqcdd
abrcdd
abscdd
abtcdd
abucdd
abvcdd
abwcdd
abxcdd
abycdd
abzcdd
abcadd
abcbdd
abccdd
abcddd
abcedd
abcfdd
abcgdd
abchdd
abcidd
abcjdd
abckdd
abcldd
abcmdd
abcndd
abcodd
abcpdd
abcqdd
abcrdd
abcsdd
abctdd
abcudd
abcvdd
abcwdd
abcxdd
abcydd
abczdd
abcdad
abcdbd
abcdcd
abcddd
abcded
abcdfd
abcdgd
abcdhd
abcdid
abcdjd
abcdkd
abcdld
abcdmd
abcdnd
abcdod
abcdpd
abcdqd
abcdrd
abcdsd
abcdtd
abcdud
abcdvd
abcdwd
abcdxd
abcdyd
abcdzd
3

