56849086
27201
1822473
563332848
83316385
12664
4023
60
795935567
645642280
598919331
269542
480875556
38789712
990037049
197242248
6
563332848
2
1
269542
129
630106336
129
634191624
2745
269542
13
808901405
6
563332848
189
645642280
28
1822473
369866299
366169929
2
626437338
572253362
362112013
480875556
1873
83316385
178955183
1873
9736691
9736691
39865
6
2
197242248
39865
563332848
736036228
8641
1
773314922
753389006
626437338
743426048
1822473
563332848
578949
362112013
1278
85626
1
1
272079611
773314922
4023
272079611
369866299
1243524
563332848
2
13
1822473
276811116
137910537
578949
463595071
482800013
626437338
808901405
2
6
277
2745
272079611
129
12664
39865
834184462
482800013
366169929
181135644
5736961
2
